<?xml version="1.0" encoding="UTF-8"?>
<testsuite name="report-pipeline-e2e" tests="48" failures="0" skipped="0">
  <testcase name="M01: Build identity is present" classname="deployment" time="0.000">
  </testcase>
  <testcase name="M02: checkCron runs without throwing" classname="scheduler" time="0.001">
  </testcase>
  <testcase name="M03: checkCron returns reserved task for due entry" classname="scheduler" time="0.022">
  </testcase>
  <testcase name="M04: reserveRun creates exclusive reservation" classname="scheduler" time="0.025">
  </testcase>
  <testcase name="M05: settleActiveRun clears reservation" classname="scheduler" time="0.001">
  </testcase>
  <testcase name="M06: Structured report contract parses successfully" classname="normalize" time="0.001">
  </testcase>
  <testcase name="M07: Invalid contract terminates before model execution" classname="normalize" time="0.000">
  </testcase>
  <testcase name="M08: Required file missing → preflight fails" classname="preflight" time="0.001">
  </testcase>
  <testcase name="M09: Missing executable → preflight fails" classname="preflight" time="0.001">
  </testcase>
  <testcase name="M10: Task context directory exists" classname="runner" time="0.001">
  </testcase>
  <testcase name="M11: Execution scope is scoped to task ID" classname="runner" time="0.000">
  </testcase>
  <testcase name="M12: Run identity allocated before execution" classname="scheduler" time="0.001">
  </testcase>
  <testcase name="M13: Execution control can be registered and removed" classname="runner" time="0.001">
  </testcase>
  <testcase name="M14: Kanban card created and started" classname="runner" time="0.027">
  </testcase>
  <testcase name="M15: Pi host can be imported and validates contract" classname="execution" time="0.786">
  </testcase>
  <testcase name="M16: Provider/model selection is interface-driven" classname="execution" time="0.001">
  </testcase>
  <testcase name="M17: Spin dispatchAwait accepts caller-owned settlement" classname="execution" time="0.134">
  </testcase>
  <testcase name="M18: Tool registry has expected entries" classname="execution" time="0.015">
  </testcase>
  <testcase name="M19: Execution scope provides cwd and env for tools" classname="execution" time="0.000">
  </testcase>
  <testcase name="M20: State store tracks consecutive failures" classname="execution" time="0.001">
  </testcase>
  <testcase name="M21: Reset failures clears count" classname="execution" time="0.001">
  </testcase>
  <testcase name="M22: Auto-pause triggers at 3 consecutive failures" classname="execution" time="0.001">
  </testcase>
  <testcase name="M23: Prompt-wide termination via tool-round limit" classname="execution" time="0.004">
  </testcase>
  <testcase name="M24: Kanban fail closes card" classname="settlement" time="0.001">
  </testcase>
  <testcase name="M25: Failed execution writes one history event" classname="settlement" time="0.000">
  </testcase>
  <testcase name="M26: appendRunOnce deduplicates by runId" classname="settlement" time="0.000">
  </testcase>
  <testcase name="M27: Retry scheduled via setRetrying" classname="retry" time="0.001">
  </testcase>
  <testcase name="M28: Prior failure context preserved for retry" classname="retry" time="0.000">
  </testcase>
  <testcase name="M29: Retry reaches terminal state" classname="retry" time="0.001">
  </testcase>
  <testcase name="M30: Deadline cancellation via exec control" classname="timeout" time="0.001">
  </testcase>
  <testcase name="M31: History written for cancellation" classname="settlement" time="0.000">
  </testcase>
  <testcase name="M32: Retry and active fields clear after terminal" classname="settlement" time="0.001">
  </testcase>
  <testcase name="M33: Timestamps coherent after run" classname="state" time="0.004">
  </testcase>
  <testcase name="M34: reconcileActiveTaskRuns clears stale active runs" classname="state" time="0.002">
  </testcase>
  <testcase name="M35: Rejects nonexistent artifact" classname="artifact" time="0.001">
  </testcase>
  <testcase name="M36: Accepts valid fresh artifact" classname="artifact" time="0.001">
  </testcase>
  <testcase name="M37: Rejects artifact with missing required heading" classname="artifact" time="0.001">
  </testcase>
  <testcase name="M38: Rejects unchanged stale artifact" classname="artifact" time="0.000">
  </testcase>
  <testcase name="M39: kanbanComplete marks card done" classname="settlement" time="0.001">
  </testcase>
  <testcase name="M40: Delivery claim succeeds on done card" classname="delivery" time="0.001">
  </testcase>
  <testcase name="M41: Duplicate delivery claim rejected" classname="delivery" time="0.001">
  </testcase>
  <testcase name="M42: Delivery preserves result_path" classname="delivery" time="0.000">
  </testcase>
  <testcase name="M43: removeState clears all state for task" classname="cleanup" time="0.001">
  </testcase>
  <testcase name="M44: Task phase changes loggable" classname="observability" time="0.002">
  </testcase>
  <testcase name="M45: getTaskView has coherent definition+state+history" classname="operators" time="0.000">
  </testcase>
  <testcase name="M46: daily-ai shaped task normalizes and preflights" classname="production" time="0.016">
  </testcase>
  <testcase name="M47: weekly-ai shaped task normalizes and preflights" classname="production" time="0.015">
  </testcase>
  <testcase name="M48: finance-daily shaped task normalizes and preflights" classname="production" time="0.015">
  </testcase>
</testsuite>